<?xml version="1.0" encoding="UTF-8"?>
<!-- Generated by org.testng.reporters.JUnitReportReporter -->
<testsuite skipped="0" hostname="Mayur" name="TestNG.BasicTestNG" tests="1" failures="0" timestamp="2022-05-14T07:46:29 IST" time="0.011" errors="0">
  <testcase name="taru" time="0.011" classname="TestNG.BasicTestNG"/>
  <system-out/>
</testsuite> <!-- TestNG.BasicTestNG -->
